Determining if files sys/filio.h exist failed with the following output:
Change Dir: /home/nothawthorne/Projects/qca-2.1.0/CMakeFiles/CMakeTmp

Run Build Command:/usr/bin/make "cmTryCompileExec3790081425/fast"
/usr/bin/make -f CMakeFiles/cmTryCompileExec3790081425.dir/build.make CMakeFiles/cmTryCompileExec3790081425.dir/build
make[1]: Entering directory `/home/nothawthorne/Projects/qca-2.1.0/CMakeFiles/CMakeTmp'
/usr/bin/cmake -E cmake_progress_report /home/nothawthorne/Projects/qca-2.1.0/CMakeFiles/CMakeTmp/CMakeFiles 1
Building C object CMakeFiles/cmTryCompileExec3790081425.dir/CheckIncludeFiles.c.o
/usr/bin/cc   -Wno-long-long -ansi -Wundef -Wcast-align -Werror-implicit-function-declaration -Wchar-subscripts -Wall -W -Wpointer-arith -Wwrite-strings -Wformat-security -Wmissing-format-attribute -fno-common  -fPIE   -o CMakeFiles/cmTryCompileExec3790081425.dir/CheckIncludeFiles.c.o   -c /home/nothawthorne/Projects/qca-2.1.0/CMakeFiles/CMakeTmp/CheckIncludeFiles.c
/home/nothawthorne/Projects/qca-2.1.0/CMakeFiles/CMakeTmp/CheckIncludeFiles.c:2:23: fatal error: sys/filio.h: No such file or directory
 #include <sys/filio.h>
                       ^
compilation terminated.
make[1]: Leaving directory `/home/nothawthorne/Projects/qca-2.1.0/CMakeFiles/CMakeTmp'
make[1]: *** [CMakeFiles/cmTryCompileExec3790081425.dir/CheckIncludeFiles.c.o] Error 1
make: *** [cmTryCompileExec3790081425/fast] Error 2

Source:
/* */
#include <sys/filio.h>


int main(){return 0;}

Determining if the function EVP_md2 exists failed with the following output:
Change Dir: /home/nothawthorne/Projects/qca-2.1.0/CMakeFiles/CMakeTmp

Run Build Command:/usr/bin/make "cmTryCompileExec2639306167/fast"
/usr/bin/make -f CMakeFiles/cmTryCompileExec2639306167.dir/build.make CMakeFiles/cmTryCompileExec2639306167.dir/build
make[1]: Entering directory `/home/nothawthorne/Projects/qca-2.1.0/CMakeFiles/CMakeTmp'
/usr/bin/cmake -E cmake_progress_report /home/nothawthorne/Projects/qca-2.1.0/CMakeFiles/CMakeTmp/CMakeFiles 1
Building C object CMakeFiles/cmTryCompileExec2639306167.dir/CheckFunctionExists.c.o
/usr/bin/cc   -Wno-long-long -ansi -Wundef -Wcast-align -Werror-implicit-function-declaration -Wchar-subscripts -Wall -W -Wpointer-arith -Wwrite-strings -Wformat-security -Wmissing-format-attribute -fno-common -DCHECK_FUNCTION_EXISTS=EVP_md2 -fPIE   -o CMakeFiles/cmTryCompileExec2639306167.dir/CheckFunctionExists.c.o   -c /usr/share/cmake-2.8/Modules/CheckFunctionExists.c
Linking C executable cmTryCompileExec2639306167
/usr/bin/cmake -E cmake_link_script CMakeFiles/cmTryCompileExec2639306167.dir/link.txt --verbose=1
/usr/bin/cc   -Wno-long-long -ansi -Wundef -Wcast-align -Werror-implicit-function-declaration -Wchar-subscripts -Wall -W -Wpointer-arith -Wwrite-strings -Wformat-security -Wmissing-format-attribute -fno-common -DCHECK_FUNCTION_EXISTS=EVP_md2    CMakeFiles/cmTryCompileExec2639306167.dir/CheckFunctionExists.c.o  -o cmTryCompileExec2639306167 -rdynamic -lssl -lcrypto 
CMakeFiles/cmTryCompileExec2639306167.dir/CheckFunctionExists.c.o: In function `main':
CheckFunctionExists.c:(.text+0x15): undefined reference to `EVP_md2'
collect2: error: ld returned 1 exit status
make[1]: *** [cmTryCompileExec2639306167] Error 1
make[1]: Leaving directory `/home/nothawthorne/Projects/qca-2.1.0/CMakeFiles/CMakeTmp'
make: *** [cmTryCompileExec2639306167/fast] Error 2


